[debug] [2026-04-10T07:47:32.066Z] ----------------------------------------------------------------------
[debug] [2026-04-10T07:47:32.070Z] Command:       C:\Program Files\nodejs\node.exe C:\Users\adhit\AppData\Roaming\npm\node_modules\firebase-tools\lib\bin\firebase.js init
[debug] [2026-04-10T07:47:32.070Z] CLI Version:   15.14.0
[debug] [2026-04-10T07:47:32.071Z] Platform:      win32
[debug] [2026-04-10T07:47:32.071Z] Node Version:  v22.13.1
[debug] [2026-04-10T07:47:32.071Z] Time:          Fri Apr 10 2026 13:17:32 GMT+0530 (India Standard Time)
[debug] [2026-04-10T07:47:32.071Z] ----------------------------------------------------------------------
[debug] 
[debug] [2026-04-10T07:47:32.075Z] >>> [apiv2][query] GET https://firebase-public.firebaseio.com/cli.json [none]
[info] 
     ######## #### ########  ######## ########     ###     ######  ########
     ##        ##  ##     ## ##       ##     ##  ##   ##  ##       ##
     ######    ##  ########  ######   ########  #########  ######  ######
     ##        ##  ##    ##  ##       ##     ## ##     ##       ## ##
     ##       #### ##     ## ######## ########  ##     ##  ######  ########

You're about to initialize a Firebase project in this directory:

  C:\Users\adhit\OneDrive\Desktop\saloon

Before we get started, keep in mind:

  * You are initializing within an existing Firebase project directory

[debug] [2026-04-10T07:47:35.985Z] <<< [apiv2][status] GET https://firebase-public.firebaseio.com/cli.json 200
[debug] [2026-04-10T07:47:35.985Z] <<< [apiv2][body] GET https://firebase-public.firebaseio.com/cli.json {"cloudBuildErrorAfter":1594252800000,"cloudBuildWarnAfter":1590019200000,"defaultNode10After":1594252800000,"minVersion":"3.0.5","node8DeploysDisabledAfter":1613390400000,"node8RuntimeDisabledAfter":1615809600000,"node8WarnAfter":1600128000000}
[info] 
=== Project Setup
[info] 
[info] First, let's associate this project directory with a Firebase project.
[info] You can create multiple project aliases by running firebase use --add, 
[info] 
[debug] [2026-04-10T07:48:06.016Z] > command requires scopes: ["email","openid","https://www.googleapis.com/auth/cloudplatformprojects.readonly","https://www.googleapis.com/auth/firebase","https://www.googleapis.com/auth/cloud-platform"]
[debug] [2026-04-10T07:48:06.017Z] > authorizing via signed-in user (adhithyaarul28@gmail.com)
[debug] [2026-04-10T07:48:06.019Z] Checked if tokens are valid: false, expires at: 1775490180548
[debug] [2026-04-10T07:48:06.019Z] Checked if tokens are valid: false, expires at: 1775490180548
[debug] [2026-04-10T07:48:06.020Z] > refreshing access token with scopes: []
[debug] [2026-04-10T07:48:06.024Z] >>> [apiv2][query] POST https://www.googleapis.com/oauth2/v3/token [none]
[debug] [2026-04-10T07:48:06.024Z] >>> [apiv2][body] POST https://www.googleapis.com/oauth2/v3/token [omitted]
[debug] [2026-04-10T07:48:06.253Z] <<< [apiv2][status] POST https://www.googleapis.com/oauth2/v3/token 200
[debug] [2026-04-10T07:48:06.253Z] <<< [apiv2][body] POST https://www.googleapis.com/oauth2/v3/token [omitted]
[debug] [2026-04-10T07:48:06.270Z] >>> [apiv2][query] GET https://firebase.googleapis.com/v1beta1/projects/saloon-management-a5bd6 [none]
[debug] [2026-04-10T07:48:06.789Z] <<< [apiv2][status] GET https://firebase.googleapis.com/v1beta1/projects/saloon-management-a5bd6 200
[debug] [2026-04-10T07:48:06.789Z] <<< [apiv2][body] GET https://firebase.googleapis.com/v1beta1/projects/saloon-management-a5bd6 {"projectId":"saloon-management-a5bd6","projectNumber":"158253808688","displayName":"saloon-management","name":"projects/saloon-management-a5bd6","resources":{"hostingSite":"saloon-management-a5bd6"},"state":"ACTIVE","etag":"1_2c55ef5f-e810-42b8-9b90-97bf7e88f789"}
[info] i  Using project saloon-management-a5bd6 (saloon-management) . 
[info] 
=== App Hosting Setup
[debug] [2026-04-10T07:48:06.806Z] Checked if tokens are valid: true, expires at: 1775810885253
[debug] [2026-04-10T07:48:06.806Z] Checked if tokens are valid: true, expires at: 1775810885253
[debug] [2026-04-10T07:48:06.807Z] >>> [apiv2][query] GET https://cloudbilling.googleapis.com/v1/projects/saloon-management-a5bd6/billingInfo [none]
[debug] [2026-04-10T07:48:07.270Z] <<< [apiv2][status] GET https://cloudbilling.googleapis.com/v1/projects/saloon-management-a5bd6/billingInfo 200
[debug] [2026-04-10T07:48:07.270Z] <<< [apiv2][body] GET https://cloudbilling.googleapis.com/v1/projects/saloon-management-a5bd6/billingInfo {"name":"projects/saloon-management-a5bd6/billingInfo","projectId":"saloon-management-a5bd6","billingAccountName":"billingAccounts/014C9F-DBCBE7-0219A8","billingEnabled":true}
[debug] [2026-04-10T07:48:07.272Z] Checked if tokens are valid: true, expires at: 1775810885253
[debug] [2026-04-10T07:48:07.272Z] Checked if tokens are valid: true, expires at: 1775810885253
[debug] [2026-04-10T07:48:07.272Z] >>> [apiv2][query] GET https://serviceusage.googleapis.com/v1/projects/saloon-management-a5bd6/services/firebaseapphosting.googleapis.com [none]
[debug] [2026-04-10T07:48:07.272Z] >>> [apiv2][(partial)header] GET https://serviceusage.googleapis.com/v1/projects/saloon-management-a5bd6/services/firebaseapphosting.googleapis.com  x-goog-user-project=saloon-management-a5bd6
[debug] [2026-04-10T07:48:08.926Z] <<< [apiv2][status] GET https://serviceusage.googleapis.com/v1/projects/saloon-management-a5bd6/services/firebaseapphosting.googleapis.com 200
[debug] [2026-04-10T07:48:08.927Z] <<< [apiv2][body] GET https://serviceusage.googleapis.com/v1/projects/saloon-management-a5bd6/services/firebaseapphosting.googleapis.com [omitted]
[debug] [2026-04-10T07:48:08.928Z] Checked if tokens are valid: true, expires at: 1775810885253
[debug] [2026-04-10T07:48:08.928Z] Checked if tokens are valid: true, expires at: 1775810885253
[debug] [2026-04-10T07:48:08.928Z] >>> [apiv2][query] POST https://serviceusage.googleapis.com/v1/projects/saloon-management-a5bd6/services/firebaseapphosting.googleapis.com:enable [none]
[debug] [2026-04-10T07:48:08.928Z] >>> [apiv2][(partial)header] POST https://serviceusage.googleapis.com/v1/projects/saloon-management-a5bd6/services/firebaseapphosting.googleapis.com:enable  x-goog-user-project=saloon-management-a5bd6
[debug] [2026-04-10T07:48:09.436Z] <<< [apiv2][status] POST https://serviceusage.googleapis.com/v1/projects/saloon-management-a5bd6/services/firebaseapphosting.googleapis.com:enable 200
[debug] [2026-04-10T07:48:09.436Z] <<< [apiv2][body] POST https://serviceusage.googleapis.com/v1/projects/saloon-management-a5bd6/services/firebaseapphosting.googleapis.com:enable [omitted]
[debug] [2026-04-10T07:48:19.458Z] Checked if tokens are valid: true, expires at: 1775810885253
[debug] [2026-04-10T07:48:19.458Z] Checked if tokens are valid: true, expires at: 1775810885253
[debug] [2026-04-10T07:48:19.459Z] Checked if tokens are valid: true, expires at: 1775810885253
[debug] [2026-04-10T07:48:19.459Z] Checked if tokens are valid: true, expires at: 1775810885253
[debug] [2026-04-10T07:48:19.460Z] Checked if tokens are valid: true, expires at: 1775810885253
[debug] [2026-04-10T07:48:19.460Z] Checked if tokens are valid: true, expires at: 1775810885253
[debug] [2026-04-10T07:48:19.461Z] Checked if tokens are valid: true, expires at: 1775810885253
[debug] [2026-04-10T07:48:19.461Z] Checked if tokens are valid: true, expires at: 1775810885253
[debug] [2026-04-10T07:48:19.461Z] >>> [apiv2][query] GET https://serviceusage.googleapis.com/v1/projects/saloon-management-a5bd6/services/developerconnect.googleapis.com [none]
[debug] [2026-04-10T07:48:19.461Z] >>> [apiv2][(partial)header] GET https://serviceusage.googleapis.com/v1/projects/saloon-management-a5bd6/services/developerconnect.googleapis.com  x-goog-user-project=saloon-management-a5bd6
[debug] [2026-04-10T07:48:19.465Z] >>> [apiv2][query] GET https://serviceusage.googleapis.com/v1/projects/saloon-management-a5bd6/services/secretmanager.googleapis.com [none]
[debug] [2026-04-10T07:48:19.465Z] >>> [apiv2][(partial)header] GET https://serviceusage.googleapis.com/v1/projects/saloon-management-a5bd6/services/secretmanager.googleapis.com  x-goog-user-project=saloon-management-a5bd6
[debug] [2026-04-10T07:48:19.471Z] >>> [apiv2][query] GET https://serviceusage.googleapis.com/v1/projects/saloon-management-a5bd6/services/run.googleapis.com [none]
[debug] [2026-04-10T07:48:19.471Z] >>> [apiv2][(partial)header] GET https://serviceusage.googleapis.com/v1/projects/saloon-management-a5bd6/services/run.googleapis.com  x-goog-user-project=saloon-management-a5bd6
[debug] [2026-04-10T07:48:19.475Z] >>> [apiv2][query] GET https://serviceusage.googleapis.com/v1/projects/saloon-management-a5bd6/services/iam.googleapis.com [none]
[debug] [2026-04-10T07:48:19.476Z] >>> [apiv2][(partial)header] GET https://serviceusage.googleapis.com/v1/projects/saloon-management-a5bd6/services/iam.googleapis.com  x-goog-user-project=saloon-management-a5bd6
[debug] [2026-04-10T07:48:21.134Z] <<< [apiv2][status] GET https://serviceusage.googleapis.com/v1/projects/saloon-management-a5bd6/services/secretmanager.googleapis.com 200
[debug] [2026-04-10T07:48:21.134Z] <<< [apiv2][body] GET https://serviceusage.googleapis.com/v1/projects/saloon-management-a5bd6/services/secretmanager.googleapis.com [omitted]
[debug] [2026-04-10T07:48:21.412Z] <<< [apiv2][status] GET https://serviceusage.googleapis.com/v1/projects/saloon-management-a5bd6/services/iam.googleapis.com 200
[debug] [2026-04-10T07:48:21.413Z] <<< [apiv2][body] GET https://serviceusage.googleapis.com/v1/projects/saloon-management-a5bd6/services/iam.googleapis.com [omitted]
[debug] [2026-04-10T07:48:21.424Z] <<< [apiv2][status] GET https://serviceusage.googleapis.com/v1/projects/saloon-management-a5bd6/services/run.googleapis.com 200
[debug] [2026-04-10T07:48:21.425Z] <<< [apiv2][body] GET https://serviceusage.googleapis.com/v1/projects/saloon-management-a5bd6/services/run.googleapis.com [omitted]
[debug] [2026-04-10T07:48:21.431Z] <<< [apiv2][status] GET https://serviceusage.googleapis.com/v1/projects/saloon-management-a5bd6/services/developerconnect.googleapis.com 200
[debug] [2026-04-10T07:48:21.432Z] <<< [apiv2][body] GET https://serviceusage.googleapis.com/v1/projects/saloon-management-a5bd6/services/developerconnect.googleapis.com [omitted]
[debug] [2026-04-10T07:48:21.432Z] Checked if tokens are valid: true, expires at: 1775810885253
[debug] [2026-04-10T07:48:21.432Z] Checked if tokens are valid: true, expires at: 1775810885253
[debug] [2026-04-10T07:48:21.432Z] >>> [apiv2][query] POST https://serviceusage.googleapis.com/v1/projects/saloon-management-a5bd6/services/developerconnect.googleapis.com:enable [none]
[debug] [2026-04-10T07:48:21.432Z] >>> [apiv2][(partial)header] POST https://serviceusage.googleapis.com/v1/projects/saloon-management-a5bd6/services/developerconnect.googleapis.com:enable  x-goog-user-project=saloon-management-a5bd6
[debug] [2026-04-10T07:48:23.114Z] <<< [apiv2][status] POST https://serviceusage.googleapis.com/v1/projects/saloon-management-a5bd6/services/developerconnect.googleapis.com:enable 200
[debug] [2026-04-10T07:48:23.115Z] <<< [apiv2][body] POST https://serviceusage.googleapis.com/v1/projects/saloon-management-a5bd6/services/developerconnect.googleapis.com:enable [omitted]
[debug] [2026-04-10T07:48:33.142Z] Checked if tokens are valid: true, expires at: 1775810885253
[debug] [2026-04-10T07:48:33.142Z] Checked if tokens are valid: true, expires at: 1775810885253
[debug] [2026-04-10T07:48:33.142Z] >>> [apiv2][query] POST https://iam.googleapis.com/v1/projects/saloon-management-a5bd6/serviceAccounts/firebase-app-hosting-compute@saloon-management-a5bd6.iam.gserviceaccount.com:testIamPermissions [none]
[debug] [2026-04-10T07:48:33.143Z] >>> [apiv2][(partial)header] POST https://iam.googleapis.com/v1/projects/saloon-management-a5bd6/serviceAccounts/firebase-app-hosting-compute@saloon-management-a5bd6.iam.gserviceaccount.com:testIamPermissions  x-goog-user-project=saloon-management-a5bd6
[debug] [2026-04-10T07:48:33.143Z] >>> [apiv2][body] POST https://iam.googleapis.com/v1/projects/saloon-management-a5bd6/serviceAccounts/firebase-app-hosting-compute@saloon-management-a5bd6.iam.gserviceaccount.com:testIamPermissions {"permissions":["iam.serviceAccounts.actAs"]}
[debug] [2026-04-10T07:48:34.823Z] <<< [apiv2][status] POST https://iam.googleapis.com/v1/projects/saloon-management-a5bd6/serviceAccounts/firebase-app-hosting-compute@saloon-management-a5bd6.iam.gserviceaccount.com:testIamPermissions 404
[debug] [2026-04-10T07:48:34.823Z] <<< [apiv2][body] POST https://iam.googleapis.com/v1/projects/saloon-management-a5bd6/serviceAccounts/firebase-app-hosting-compute@saloon-management-a5bd6.iam.gserviceaccount.com:testIamPermissions {"error":{"code":404,"message":"Unknown service account","status":"NOT_FOUND"}}
[debug] [2026-04-10T07:48:34.826Z] Checked if tokens are valid: true, expires at: 1775810885253
[debug] [2026-04-10T07:48:34.826Z] Checked if tokens are valid: true, expires at: 1775810885253
[debug] [2026-04-10T07:48:34.826Z] >>> [apiv2][query] POST https://iam.googleapis.com/v1/projects/saloon-management-a5bd6/serviceAccounts [none]
[debug] [2026-04-10T07:48:34.826Z] >>> [apiv2][body] POST https://iam.googleapis.com/v1/projects/saloon-management-a5bd6/serviceAccounts {"accountId":"firebase-app-hosting-compute","serviceAccount":{"displayName":"Firebase App Hosting compute service account","description":"Default service account used to run builds and deploys for Firebase App Hosting"}}
[debug] [2026-04-10T07:48:37.276Z] <<< [apiv2][status] POST https://iam.googleapis.com/v1/projects/saloon-management-a5bd6/serviceAccounts 200
[debug] [2026-04-10T07:48:37.276Z] <<< [apiv2][body] POST https://iam.googleapis.com/v1/projects/saloon-management-a5bd6/serviceAccounts [omitted]
[debug] [2026-04-10T07:48:37.277Z] Checked if tokens are valid: true, expires at: 1775810885253
[debug] [2026-04-10T07:48:37.277Z] Checked if tokens are valid: true, expires at: 1775810885253
[debug] [2026-04-10T07:48:37.277Z] >>> [apiv2][query] POST https://cloudresourcemanager.googleapis.com/v1/projects/saloon-management-a5bd6:getIamPolicy [none]
[debug] [2026-04-10T07:48:38.811Z] <<< [apiv2][status] POST https://cloudresourcemanager.googleapis.com/v1/projects/saloon-management-a5bd6:getIamPolicy 200
[debug] [2026-04-10T07:48:38.812Z] <<< [apiv2][body] POST https://cloudresourcemanager.googleapis.com/v1/projects/saloon-management-a5bd6:getIamPolicy {"version":1,"etag":"BwZPFaJ66H0=","bindings":[{"role":"roles/artifactregistry.serviceAgent","members":["serviceAccount:service-158253808688@gcp-sa-artifactregistry.iam.gserviceaccount.com"]},{"role":"roles/cloudbuild.builds.builder","members":["serviceAccount:158253808688@cloudbuild.gserviceaccount.com"]},{"role":"roles/cloudbuild.serviceAgent","members":["serviceAccount:service-158253808688@gcp-sa-cloudbuild.iam.gserviceaccount.com"]},{"role":"roles/cloudfunctions.admin","members":["serviceAccount:firebase-adminsdk-fbsvc@saloon-management-a5bd6.iam.gserviceaccount.com"]},{"role":"roles/cloudfunctions.serviceAgent","members":["serviceAccount:service-158253808688@gcf-admin-robot.iam.gserviceaccount.com"]},{"role":"roles/cloudscheduler.serviceAgent","members":["serviceAccount:service-158253808688@gcp-sa-cloudscheduler.iam.gserviceaccount.com"]},{"role":"roles/compute.instanceGroupManagerServiceAgent","members":["serviceAccount:158253808688@cloudservices.gserviceaccount.com"]},{"role":"roles/compute.serviceAgent","members":["serviceAccount:service-158253808688@compute-system.iam.gserviceaccount.com"]},{"role":"roles/containerregistry.ServiceAgent","members":["serviceAccount:service-158253808688@containerregistry.iam.gserviceaccount.com"]},{"role":"roles/datastore.user","members":["serviceAccount:ext-firestore-send-email@saloon-management-a5bd6.iam.gserviceaccount.com"]},{"role":"roles/editor","members":["serviceAccount:158253808688-compute@developer.gserviceaccount.com","serviceAccount:158253808688@cloudservices.gserviceaccount.com","serviceAccount:saloon-management-a5bd6@appspot.gserviceaccount.com"]},{"role":"roles/eventarc.eventReceiver","members":["serviceAccount:158253808688-compute@developer.gserviceaccount.com"]},{"role":"roles/eventarc.serviceAgent","members":["serviceAccount:service-158253808688@gcp-sa-eventarc.iam.gserviceaccount.com"]},{"role":"roles/firebase.managementServiceAgent","members":["serviceAccount:service-158253808688@gcp-sa-firebase.iam.gserviceaccount.com"]},{"role":"roles/firebase.sdkAdminServiceAgent","members":["serviceAccount:firebase-adminsdk-fbsvc@saloon-management-a5bd6.iam.gserviceaccount.com"]},{"role":"roles/firebaseauth.admin","members":["serviceAccount:firebase-adminsdk-fbsvc@saloon-management-a5bd6.iam.gserviceaccount.com"]},{"role":"roles/firebasemods.serviceAgent","members":["serviceAccount:service-158253808688@gcp-sa-firebasemods.iam.gserviceaccount.com"]},{"role":"roles/firebaserules.system","members":["serviceAccount:service-158253808688@firebase-rules.iam.gserviceaccount.com"]},{"role":"roles/firebasestorage.serviceAgent","members":["serviceAccount:service-158253808688@gcp-sa-firebasestorage.iam.gserviceaccount.com"]},{"role":"roles/firestore.serviceAgent","members":["serviceAccount:service-158253808688@gcp-sa-firestore.iam.gserviceaccount.com"]},{"role":"roles/iam.serviceAccountTokenCreator","members":["serviceAccount:firebase-adminsdk-fbsvc@saloon-management-a5bd6.iam.gserviceaccount.com"]},{"role":"roles/owner","members":["user:adhithyaarul28@gmail.com"]},{"role":"roles/pubsub.serviceAgent","members":["serviceAccount:service-158253808688@gcp-sa-pubsub.iam.gserviceaccount.com"]},{"role":"roles/run.serviceAgent","members":["serviceAccount:service-158253808688@serverless-robot-prod.iam.gserviceaccount.com"]},{"role":"roles/storage.admin","members":["serviceAccount:firebase-adminsdk-fbsvc@saloon-management-a5bd6.iam.gserviceaccount.com"]}]}
[debug] [2026-04-10T07:48:38.813Z] Checked if tokens are valid: true, expires at: 1775810885253
[debug] [2026-04-10T07:48:38.813Z] Checked if tokens are valid: true, expires at: 1775810885253
[debug] [2026-04-10T07:48:38.813Z] >>> [apiv2][query] POST https://cloudresourcemanager.googleapis.com/v1/projects/saloon-management-a5bd6:setIamPolicy [none]
[debug] [2026-04-10T07:48:38.813Z] >>> [apiv2][body] POST https://cloudresourcemanager.googleapis.com/v1/projects/saloon-management-a5bd6:setIamPolicy {"policy":{"version":1,"etag":"BwZPFaJ66H0=","bindings":[{"role":"roles/artifactregistry.serviceAgent","members":["serviceAccount:service-158253808688@gcp-sa-artifactregistry.iam.gserviceaccount.com"]},{"role":"roles/cloudbuild.builds.builder","members":["serviceAccount:158253808688@cloudbuild.gserviceaccount.com"]},{"role":"roles/cloudbuild.serviceAgent","members":["serviceAccount:service-158253808688@gcp-sa-cloudbuild.iam.gserviceaccount.com"]},{"role":"roles/cloudfunctions.admin","members":["serviceAccount:firebase-adminsdk-fbsvc@saloon-management-a5bd6.iam.gserviceaccount.com"]},{"role":"roles/cloudfunctions.serviceAgent","members":["serviceAccount:service-158253808688@gcf-admin-robot.iam.gserviceaccount.com"]},{"role":"roles/cloudscheduler.serviceAgent","members":["serviceAccount:service-158253808688@gcp-sa-cloudscheduler.iam.gserviceaccount.com"]},{"role":"roles/compute.instanceGroupManagerServiceAgent","members":["serviceAccount:158253808688@cloudservices.gserviceaccount.com"]},{"role":"roles/compute.serviceAgent","members":["serviceAccount:service-158253808688@compute-system.iam.gserviceaccount.com"]},{"role":"roles/containerregistry.ServiceAgent","members":["serviceAccount:service-158253808688@containerregistry.iam.gserviceaccount.com"]},{"role":"roles/datastore.user","members":["serviceAccount:ext-firestore-send-email@saloon-management-a5bd6.iam.gserviceaccount.com"]},{"role":"roles/editor","members":["serviceAccount:158253808688-compute@developer.gserviceaccount.com","serviceAccount:158253808688@cloudservices.gserviceaccount.com","serviceAccount:saloon-management-a5bd6@appspot.gserviceaccount.com"]},{"role":"roles/eventarc.eventReceiver","members":["serviceAccount:158253808688-compute@developer.gserviceaccount.com"]},{"role":"roles/eventarc.serviceAgent","members":["serviceAccount:service-158253808688@gcp-sa-eventarc.iam.gserviceaccount.com"]},{"role":"roles/firebase.managementServiceAgent","members":["serviceAccount:service-158253808688@gcp-sa-firebase.iam.gserviceaccount.com"]},{"role":"roles/firebase.sdkAdminServiceAgent","members":["serviceAccount:firebase-adminsdk-fbsvc@saloon-management-a5bd6.iam.gserviceaccount.com","serviceAccount:firebase-app-hosting-compute@saloon-management-a5bd6.iam.gserviceaccount.com"]},{"role":"roles/firebaseauth.admin","members":["serviceAccount:firebase-adminsdk-fbsvc@saloon-management-a5bd6.iam.gserviceaccount.com"]},{"role":"roles/firebasemods.serviceAgent","members":["serviceAccount:service-158253808688@gcp-sa-firebasemods.iam.gserviceaccount.com"]},{"role":"roles/firebaserules.system","members":["serviceAccount:service-158253808688@firebase-rules.iam.gserviceaccount.com"]},{"role":"roles/firebasestorage.serviceAgent","members":["serviceAccount:service-158253808688@gcp-sa-firebasestorage.iam.gserviceaccount.com"]},{"role":"roles/firestore.serviceAgent","members":["serviceAccount:service-158253808688@gcp-sa-firestore.iam.gserviceaccount.com"]},{"role":"roles/iam.serviceAccountTokenCreator","members":["serviceAccount:firebase-adminsdk-fbsvc@saloon-management-a5bd6.iam.gserviceaccount.com"]},{"role":"roles/owner","members":["user:adhithyaarul28@gmail.com"]},{"role":"roles/pubsub.serviceAgent","members":["serviceAccount:service-158253808688@gcp-sa-pubsub.iam.gserviceaccount.com"]},{"role":"roles/run.serviceAgent","members":["serviceAccount:service-158253808688@serverless-robot-prod.iam.gserviceaccount.com"]},{"role":"roles/storage.admin","members":["serviceAccount:firebase-adminsdk-fbsvc@saloon-management-a5bd6.iam.gserviceaccount.com"]},{"role":"roles/firebaseapphosting.computeRunner","members":["serviceAccount:firebase-app-hosting-compute@saloon-management-a5bd6.iam.gserviceaccount.com"]},{"role":"roles/developerconnect.readTokenAccessor","members":["serviceAccount:firebase-app-hosting-compute@saloon-management-a5bd6.iam.gserviceaccount.com"]},{"role":"roles/storage.objectViewer","members":["serviceAccount:firebase-app-hosting-compute@saloon-management-a5bd6.iam.gserviceaccount.com"]}]},"updateMask":"bindings"}
[debug] [2026-04-10T07:48:39.880Z] <<< [apiv2][status] POST https://cloudresourcemanager.googleapis.com/v1/projects/saloon-management-a5bd6:setIamPolicy 400
[debug] [2026-04-10T07:48:39.880Z] <<< [apiv2][body] POST https://cloudresourcemanager.googleapis.com/v1/projects/saloon-management-a5bd6:setIamPolicy {"error":{"code":400,"message":"Service account firebase-app-hosting-compute@saloon-management-a5bd6.iam.gserviceaccount.com does not exist.","status":"INVALID_ARGUMENT"}}
[warn] !  Your App Hosting compute service account is still being provisioned in the background. If you encounter an error, please try again after a few moments. 
[info] i  This command links your local project to Firebase App Hosting. You will be able to deploy your web app with `firebase deploy` after setup. 
[info] i  === Set up your backend 
[debug] [2026-04-10T07:48:47.690Z] Checked if tokens are valid: true, expires at: 1775810885253
[debug] [2026-04-10T07:48:47.691Z] Checked if tokens are valid: true, expires at: 1775810885253
[debug] [2026-04-10T07:48:47.691Z] >>> [apiv2][query] GET https://firebaseapphosting.googleapis.com/v1beta/projects/saloon-management-a5bd6/locations 
[debug] [2026-04-10T07:48:49.229Z] <<< [apiv2][status] GET https://firebaseapphosting.googleapis.com/v1beta/projects/saloon-management-a5bd6/locations 200
[debug] [2026-04-10T07:48:49.229Z] <<< [apiv2][body] GET https://firebaseapphosting.googleapis.com/v1beta/projects/saloon-management-a5bd6/locations {"locations":[{"name":"projects/saloon-management-a5bd6/locations/asia-east1","locationId":"asia-east1","displayName":"Taiwan"},{"name":"projects/saloon-management-a5bd6/locations/asia-southeast1","locationId":"asia-southeast1","displayName":"Singapore"},{"name":"projects/saloon-management-a5bd6/locations/europe-west4","locationId":"europe-west4","displayName":"Netherlands"},{"name":"projects/saloon-management-a5bd6/locations/us-central1","locationId":"us-central1","displayName":"Iowa"},{"name":"projects/saloon-management-a5bd6/locations/us-east4","locationId":"us-east4","displayName":"Northern Virginia"},{"name":"projects/saloon-management-a5bd6/locations/us-east5","locationId":"us-east5","displayName":"Columbus"}]}
[info] +  Location set to us-central1.
 
[debug] [2026-04-10T07:49:23.004Z] Checked if tokens are valid: true, expires at: 1775810885253
[debug] [2026-04-10T07:49:23.004Z] Checked if tokens are valid: true, expires at: 1775810885253
[debug] [2026-04-10T07:49:23.005Z] >>> [apiv2][query] GET https://firebaseapphosting.googleapis.com/v1beta/projects/saloon-management-a5bd6/locations/us-central1/backends/saloon-management-system [none]
[debug] [2026-04-10T07:49:27.876Z] <<< [apiv2][status] GET https://firebaseapphosting.googleapis.com/v1beta/projects/saloon-management-a5bd6/locations/us-central1/backends/saloon-management-system 404
[debug] [2026-04-10T07:49:27.876Z] <<< [apiv2][body] GET https://firebaseapphosting.googleapis.com/v1beta/projects/saloon-management-a5bd6/locations/us-central1/backends/saloon-management-system {"error":{"code":404,"message":"Resource 'projects/saloon-management-a5bd6/locations/us-central1/backends/saloon-management-system' was not found","status":"NOT_FOUND","details":[{"@type":"type.googleapis.com/google.rpc.ResourceInfo","resourceName":"projects/saloon-management-a5bd6/locations/us-central1/backends/saloon-management-system"}]}}
[info] +  Name set to saloon-management-system
 
[debug] [2026-04-10T07:49:27.893Z] Checked if tokens are valid: true, expires at: 1775810885253
[debug] [2026-04-10T07:49:27.894Z] Checked if tokens are valid: true, expires at: 1775810885253
[debug] [2026-04-10T07:49:27.894Z] >>> [apiv2][query] GET https://firebase.googleapis.com/v1beta1/projects/saloon-management-a5bd6/webApps pageSize=100
[debug] [2026-04-10T07:49:28.473Z] <<< [apiv2][status] GET https://firebase.googleapis.com/v1beta1/projects/saloon-management-a5bd6/webApps 200
[debug] [2026-04-10T07:49:28.473Z] <<< [apiv2][body] GET https://firebase.googleapis.com/v1beta1/projects/saloon-management-a5bd6/webApps {"apps":[{"name":"projects/saloon-management-a5bd6/webApps/1:158253808688:web:63354fb4a408f89c46c1f5","appId":"1:158253808688:web:63354fb4a408f89c46c1f5","displayName":"saloon","projectId":"saloon-management-a5bd6","webId":"Yjg2Y2MxZWYtMWRhOC00NTBkLTg2NjgtNDBkNDMzN2I3NWYy","apiKeyId":"a2a8f99b-4401-4442-ad18-e34024c4d0c1","state":"ACTIVE","expireTime":"1970-01-01T00:00:00Z","etag":"1_653741b8-6b32-4530-aef2-e8913e22c95b"}]}
[debug] [2026-04-10T07:49:28.474Z] Checked if tokens are valid: true, expires at: 1775810885253
[debug] [2026-04-10T07:49:28.474Z] Checked if tokens are valid: true, expires at: 1775810885253
[debug] [2026-04-10T07:49:28.475Z] >>> [apiv2][query] GET https://firebase.googleapis.com/v1beta1/projects/saloon-management-a5bd6/webApps pageSize=100
[debug] [2026-04-10T07:49:29.108Z] <<< [apiv2][status] GET https://firebase.googleapis.com/v1beta1/projects/saloon-management-a5bd6/webApps 200
[debug] [2026-04-10T07:49:29.109Z] <<< [apiv2][body] GET https://firebase.googleapis.com/v1beta1/projects/saloon-management-a5bd6/webApps {"apps":[{"name":"projects/saloon-management-a5bd6/webApps/1:158253808688:web:63354fb4a408f89c46c1f5","appId":"1:158253808688:web:63354fb4a408f89c46c1f5","displayName":"saloon","projectId":"saloon-management-a5bd6","webId":"Yjg2Y2MxZWYtMWRhOC00NTBkLTg2NjgtNDBkNDMzN2I3NWYy","apiKeyId":"a2a8f99b-4401-4442-ad18-e34024c4d0c1","state":"ACTIVE","expireTime":"1970-01-01T00:00:00Z","etag":"1_653741b8-6b32-4530-aef2-e8913e22c95b"}]}
[debug] [2026-04-10T07:49:29.109Z] Checked if tokens are valid: true, expires at: 1775810885253
[debug] [2026-04-10T07:49:29.110Z] Checked if tokens are valid: true, expires at: 1775810885253
[debug] [2026-04-10T07:49:29.110Z] >>> [apiv2][query] POST https://firebase.googleapis.com/v1beta1/projects/saloon-management-a5bd6/webApps [none]
[debug] [2026-04-10T07:49:29.110Z] >>> [apiv2][body] POST https://firebase.googleapis.com/v1beta1/projects/saloon-management-a5bd6/webApps {"displayName":"saloon-management-system"}
[debug] [2026-04-10T07:49:30.934Z] <<< [apiv2][status] POST https://firebase.googleapis.com/v1beta1/projects/saloon-management-a5bd6/webApps 200
[debug] [2026-04-10T07:49:30.935Z] <<< [apiv2][body] POST https://firebase.googleapis.com/v1beta1/projects/saloon-management-a5bd6/webApps {"name":"operations/workflows/OGE4MDJhNWEtYjUzZC00MWJjLWIzOTAtOWY3NWQ0ZTI3NjBm"}
[debug] [2026-04-10T07:49:30.936Z] Checked if tokens are valid: true, expires at: 1775810885253
[debug] [2026-04-10T07:49:30.936Z] Checked if tokens are valid: true, expires at: 1775810885253
[debug] [2026-04-10T07:49:30.937Z] >>> [apiv2][query] GET https://firebase.googleapis.com/v1beta1/operations/workflows/OGE4MDJhNWEtYjUzZC00MWJjLWIzOTAtOWY3NWQ0ZTI3NjBm [none]
[debug] [2026-04-10T07:49:32.577Z] <<< [apiv2][status] GET https://firebase.googleapis.com/v1beta1/operations/workflows/OGE4MDJhNWEtYjUzZC00MWJjLWIzOTAtOWY3NWQ0ZTI3NjBm 200
[debug] [2026-04-10T07:49:32.577Z] <<< [apiv2][body] GET https://firebase.googleapis.com/v1beta1/operations/workflows/OGE4MDJhNWEtYjUzZC00MWJjLWIzOTAtOWY3NWQ0ZTI3NjBm {"name":"operations/workflows/OGE4MDJhNWEtYjUzZC00MWJjLWIzOTAtOWY3NWQ0ZTI3NjBm","done":true,"response":{"@type":"type.googleapis.com/google.firebase.service.v1beta1.WebApp","name":"projects/saloon-management-a5bd6/webApps/1:158253808688:web:5234d6666f1287b646c1f5","appId":"1:158253808688:web:5234d6666f1287b646c1f5","displayName":"saloon-management-system","projectId":"saloon-management-a5bd6","webId":"ZDQ1ZDUxZWItOGExNC00NjE5LWFlMWEtNzg5YTE3ZmM1OTJi","apiKeyId":"a2a8f99b-4401-4442-ad18-e34024c4d0c1","state":"ACTIVE","expireTime":"1970-01-01T00:00:00Z","etag":"1_6fc3f214-b212-4306-8c3f-0c710567ddb2"}}
[info] +  Created a new Firebase web app named "saloon-management-system" 
[debug] [2026-04-10T07:49:32.641Z] Checked if tokens are valid: true, expires at: 1775810885253
[debug] [2026-04-10T07:49:32.642Z] Checked if tokens are valid: true, expires at: 1775810885253
[debug] [2026-04-10T07:49:32.642Z] >>> [apiv2][query] POST https://firebaseapphosting.googleapis.com/v1beta/projects/saloon-management-a5bd6/locations/us-central1/backends backendId=saloon-management-system
[debug] [2026-04-10T07:49:32.642Z] >>> [apiv2][body] POST https://firebaseapphosting.googleapis.com/v1beta/projects/saloon-management-a5bd6/locations/us-central1/backends {"servingLocality":"GLOBAL_ACCESS","labels":{"deployment-tool":"cli-firebase"},"serviceAccount":"firebase-app-hosting-compute@saloon-management-a5bd6.iam.gserviceaccount.com","appId":"1:158253808688:web:5234d6666f1287b646c1f5"}
[debug] [2026-04-10T07:49:35.640Z] <<< [apiv2][status] POST https://firebaseapphosting.googleapis.com/v1beta/projects/saloon-management-a5bd6/locations/us-central1/backends 200
[debug] [2026-04-10T07:49:35.641Z] <<< [apiv2][body] POST https://firebaseapphosting.googleapis.com/v1beta/projects/saloon-management-a5bd6/locations/us-central1/backends {"name":"projects/saloon-management-a5bd6/locations/us-central1/operations/operation-1775807375000-64f165fc6c208-6bd1c7c2-01132960","metadata":{"@type":"type.googleapis.com/google.firebase.apphosting.v1beta.OperationMetadata","createTime":"2026-04-10T07:49:36.459951917Z","target":"projects/saloon-management-a5bd6/locations/us-central1/backends/saloon-management-system","verb":"create","requestedCancellation":false,"apiVersion":"v1beta"},"done":false}
[debug] [2026-04-10T07:49:35.641Z] Checked if tokens are valid: true, expires at: 1775810885253
[debug] [2026-04-10T07:49:35.641Z] Checked if tokens are valid: true, expires at: 1775810885253
[debug] [2026-04-10T07:49:35.641Z] >>> [apiv2][query] GET https://firebaseapphosting.googleapis.com/v1beta/projects/saloon-management-a5bd6/locations/us-central1/operations/operation-1775807375000-64f165fc6c208-6bd1c7c2-01132960 [none]
[debug] [2026-04-10T07:49:37.191Z] <<< [apiv2][status] GET https://firebaseapphosting.googleapis.com/v1beta/projects/saloon-management-a5bd6/locations/us-central1/operations/operation-1775807375000-64f165fc6c208-6bd1c7c2-01132960 200
[debug] [2026-04-10T07:49:37.191Z] <<< [apiv2][body] GET https://firebaseapphosting.googleapis.com/v1beta/projects/saloon-management-a5bd6/locations/us-central1/operations/operation-1775807375000-64f165fc6c208-6bd1c7c2-01132960 {"name":"projects/saloon-management-a5bd6/locations/us-central1/operations/operation-1775807375000-64f165fc6c208-6bd1c7c2-01132960","metadata":{"@type":"type.googleapis.com/google.firebase.apphosting.v1beta.OperationMetadata","createTime":"2026-04-10T07:49:36.459951917Z","endTime":"2026-04-10T07:49:36.835545454Z","target":"projects/saloon-management-a5bd6/locations/us-central1/backends/saloon-management-system","verb":"create","requestedCancellation":false,"apiVersion":"v1beta"},"done":true,"response":{"@type":"type.googleapis.com/google.firebase.apphosting.v1beta.Backend","name":"projects/saloon-management-a5bd6/locations/us-central1/backends/saloon-management-system","createTime":"2026-04-10T07:49:36.454138806Z","updateTime":"2026-04-10T07:49:36.829645Z","labels":{"deployment-tool":"cli-firebase"},"uri":"saloon-management-system--saloon-management-a5bd6.us-central1.hosted.app","uid":"a14da7b5-afe6-4003-b45d-6461e14a3a6f","etag":"Ns09DCdjWdDZmJ9218J_K51gwloKxMpTsari005MOTs","reconciling":false,"servingLocality":"GLOBAL_ACCESS","serviceAccount":"firebase-app-hosting-compute@saloon-management-a5bd6.iam.gserviceaccount.com","appId":"1:158253808688:web:5234d6666f1287b646c1f5"}}
[info] i  === Deploy local source setup 
